<?xml version="1.0" encoding="UTF-8"?>
<!-- Generated by org.testng.reporters.JUnitReportReporter -->
<testsuite skipped="0" hostname="SYSTEM-72" name="com.abm.AbmPagesTest" tests="1" failures="0" timestamp="2020-04-22T19:55:23 IST" time="57.471" errors="0">
  <testcase name="printAdmPages" time="57.471" classname="com.abm.AbmPagesTest"/>
</testsuite> <!-- com.abm.AbmPagesTest -->
