<?xml version="1.0" encoding="UTF-8"?>
<!-- Generated by org.testng.reporters.JUnitReportReporter -->
<testsuite skipped="0" hostname="SYSTEM-72" name="com.nemak.NemakPagesTest" tests="1" failures="0" timestamp="2020-04-16T13:40:32 IST" time="122.435" errors="0">
  <testcase name="printNemakPages" time="122.435" classname="com.nemak.NemakPagesTest"/>
</testsuite> <!-- com.nemak.NemakPagesTest -->
