<?xml version="1.0" encoding="UTF-8"?>
<!-- Generated by org.testng.reporters.JUnitReportReporter -->
<testsuite skipped="0" hostname="SYSTEM-72" name="superpages.SecureAmericaPagesTest" tests="1" failures="0" timestamp="2019-12-18T18:27:17 IST" time="50.517" errors="0">
  <testcase name="printSecureAmericaPages" time="50.517" classname="superpages.SecureAmericaPagesTest"/>
</testsuite> <!-- superpages.SecureAmericaPagesTest -->
