<?xml version="1.0" encoding="UTF-8"?>
<!-- Generated by org.testng.reporters.JUnitReportReporter -->
<testsuite skipped="0" hostname="SYSTEM-72" name="superpages.NemakPagesTest" tests="1" failures="0" timestamp="2019-12-19T12:57:32 IST" time="71.353" errors="0">
  <testcase name="printNemakPages" time="71.353" classname="superpages.NemakPagesTest"/>
</testsuite> <!-- superpages.NemakPagesTest -->
